<?xml version="1.0" encoding="UTF-8"?>
<!-- Generated by org.testng.reporters.JUnitReportReporter -->
<testsuite skipped="0" hostname="LAPTOP-15N4ONKA" name="TestAcademy.HomePage" tests="2" failures="0" timestamp="10 Nov 2018 13:44:28 GMT" time="15.610" errors="0">
  <testcase name="basePageNavigation" time="10.130" classname="TestAcademy.HomePage"/>
  <testcase name="basePageNavigation" time="5.480" classname="TestAcademy.HomePage"/>
</testsuite> <!-- TestAcademy.HomePage -->
