<?xml version="1.0" encoding="UTF-8"?>
<!-- Generated by org.testng.reporters.JUnitReportReporter -->
<testsuite skipped="0" hostname="LAPTOP-15N4ONKA" name="Academy.ValidateNavigationBar" tests="1" failures="0" timestamp="10 Nov 2018 13:13:09 GMT" time="0.042" errors="0">
  <testcase name="validateAppNavBar" time="0.042" classname="Academy.ValidateNavigationBar"/>
</testsuite> <!-- Academy.ValidateNavigationBar -->
