<?xml version="1.0" encoding="UTF-8"?>
<!-- Generated by org.testng.reporters.JUnitReportReporter -->
<testsuite skipped="0" hostname="LAPTOP-15N4ONKA" name="TestAcademy.ValidateTitle" tests="1" failures="0" timestamp="10 Nov 2018 13:44:28 GMT" time="0.052" errors="0">
  <testcase name="validateAppTitle" time="0.052" classname="TestAcademy.ValidateTitle"/>
</testsuite> <!-- TestAcademy.ValidateTitle -->
