<?xml version="1.0" encoding="UTF-8"?>
<!-- Generated by org.testng.reporters.JUnitReportReporter -->
<testsuite skipped="0" hostname="LAPTOP-15N4ONKA" name="Academy.HomePage" tests="2" failures="0" timestamp="10 Nov 2018 13:13:09 GMT" time="15.713" errors="0">
  <testcase name="basePageNavigation" time="4.902" classname="Academy.HomePage"/>
  <testcase name="basePageNavigation" time="10.811" classname="Academy.HomePage"/>
</testsuite> <!-- Academy.HomePage -->
